2026-06-04 18:15:04,336 INFO Step 1: Loading HTML and grouping paragraphs from /Users/danimai/work/transalate-pdf/data/html/document.html
2026-06-04 18:15:04,420 INFO   Parsed 121 y-coordinate CSS rules
2026-06-04 18:15:04,438 INFO   Found 5831 text nodes → 141 paragraph groups
2026-06-04 18:15:04,512 INFO   Checkpoint: /Users/danimai/work/transalate-pdf/checkpoints/document/01_paragraph_groups.json
2026-06-04 18:15:07,419 INFO Step 2: Translating paragraph groups via Google Cloud
2026-06-04 18:15:09,783 ERROR Pipeline failed
Traceback (most recent call last):
  File "/Users/danimai/work/transalate-pdf/translator_pipeline.py", line 490, in main
    step_translate(cfg, logger)
  File "/Users/danimai/work/transalate-pdf/translator_pipeline.py", line 286, in step_translate
    client = create_translate_client()
             ^^^^^^^^^^^^^^^^^^^^^^^^^
  File "/Users/danimai/work/transalate-pdf/translator_pipeline.py", line 276, in create_translate_client
    return translate.Client(api_key=creds)
           ^^^^^^^^^^^^^^^^^^^^^^^^^^^^^^^
TypeError: Client.__init__() got an unexpected keyword argument 'api_key'
2026-06-04 18:15:19,621 INFO Step 2: Translating paragraph groups via Google Cloud
2026-06-04 18:16:11,359 INFO   Checkpoint: /Users/danimai/work/transalate-pdf/checkpoints/document/02_translations.json (141 ok, 0 failed)
2026-06-04 18:16:18,590 INFO Step 3: Injecting translations into HTML
2026-06-04 18:16:18,793 INFO   Injected 141 / 141 groups → /Users/danimai/work/transalate-pdf/checkpoints/document/03_translated.html
2026-06-04 18:16:18,895 INFO Step 4: Converting HTML to PDF with Playwright
2026-06-04 18:16:21,514 ERROR Pipeline failed
Traceback (most recent call last):
  File "/Users/danimai/work/transalate-pdf/translator_pipeline.py", line 528, in main
    step_pdf(cfg, logger)
  File "/Users/danimai/work/transalate-pdf/translator_pipeline.py", line 452, in step_pdf
    browser = p.chromium.launch(headless=True)
              ^^^^^^^^^^^^^^^^^^^^^^^^^^^^^^^^
  File "/Users/danimai/Library/Python/3.11/lib/python/site-packages/playwright/sync_api/_generated.py", line 16269, in launch
    self._sync(
  File "/Users/danimai/Library/Python/3.11/lib/python/site-packages/playwright/_impl/_sync_base.py", line 115, in _sync
    return task.result()
           ^^^^^^^^^^^^^
  File "/Users/danimai/Library/Python/3.11/lib/python/site-packages/playwright/_impl/_browser_type.py", line 98, in launch
    await self._channel.send(
  File "/Users/danimai/Library/Python/3.11/lib/python/site-packages/playwright/_impl/_connection.py", line 69, in send
    return await self._connection.wrap_api_call(
           ^^^^^^^^^^^^^^^^^^^^^^^^^^^^^^^^^^^^^
  File "/Users/danimai/Library/Python/3.11/lib/python/site-packages/playwright/_impl/_connection.py", line 559, in wrap_api_call
    raise rewrite_error(error, f"{parsed_st['apiName']}: {error}") from None
playwright._impl._errors.Error: BrowserType.launch: Executable doesn't exist at /Users/danimai/Library/Caches/ms-playwright/chromium_headless_shell-1223/chrome-headless-shell-mac-arm64/chrome-headless-shell
╔════════════════════════════════════════════════════════════╗
║ Looks like Playwright was just installed or updated.       ║
║ Please run the following command to download new browsers: ║
║                                                            ║
║     playwright install                                     ║
║                                                            ║
║ <3 Playwright Team                                         ║
╚════════════════════════════════════════════════════════════╝
2026-06-04 18:17:55,813 INFO Step 4: Converting HTML to PDF with Playwright
2026-06-04 18:18:00,414 ERROR Pipeline failed
Traceback (most recent call last):
  File "/Users/danimai/work/transalate-pdf/translator_pipeline.py", line 528, in main
    step_pdf(cfg, logger)
  File "/Users/danimai/work/transalate-pdf/translator_pipeline.py", line 455, in step_pdf
    page.emulate_media_type("print")
    ^^^^^^^^^^^^^^^^^^^^^^^
AttributeError: 'Page' object has no attribute 'emulate_media_type'
2026-06-04 18:18:04,183 INFO Step 4: Converting HTML to PDF with Playwright
2026-06-04 18:18:06,773 INFO   Checkpoint: /Users/danimai/work/transalate-pdf/checkpoints/document/04_final.pdf
2026-06-04 18:18:06,773 INFO   Output: /Users/danimai/work/transalate-pdf/data/output/document.pdf
2026-06-04 18:22:18,755 INFO Step 1: Loading HTML and grouping paragraphs from /Users/danimai/work/transalate-pdf/data/html/document.html
2026-06-04 18:22:18,852 INFO   Parsed 121 y-coordinate CSS rules
2026-06-04 18:22:18,872 INFO   Found 5831 text nodes → 141 paragraph groups
2026-06-04 18:22:18,958 INFO   Checkpoint: /Users/danimai/work/transalate-pdf/checkpoints/document/01_paragraph_groups.json
2026-06-04 18:22:18,959 INFO Step 2: Translating paragraph groups via Google Cloud
2026-06-04 18:23:09,150 INFO   Checkpoint: /Users/danimai/work/transalate-pdf/checkpoints/document/02_translations.json (141 ok, 0 failed)
2026-06-04 18:23:09,152 INFO Step 3: Injecting translations into HTML
2026-06-04 18:23:09,379 INFO   Injected 141 / 141 groups → /Users/danimai/work/transalate-pdf/checkpoints/document/03_translated.html
2026-06-04 18:23:09,380 INFO Step 4: Converting HTML to PDF with Playwright
2026-06-04 18:23:13,182 INFO   Checkpoint: /Users/danimai/work/transalate-pdf/checkpoints/document/04_final.pdf
2026-06-04 18:23:13,183 INFO   Output: /Users/danimai/work/transalate-pdf/data/output/document.pdf
2026-06-04 18:23:13,183 INFO Pipeline complete. Review checkpoints in /Users/danimai/work/transalate-pdf/checkpoints/document
2026-06-04 18:37:30,040 INFO Step 3: Injecting translations (proportional line distribution)
2026-06-04 18:37:30,215 INFO   Checkpoint: /Users/danimai/work/transalate-pdf/checkpoints/document/03a_distribution.json
2026-06-04 18:37:30,391 INFO   Injected 141 / 141 groups (75 multi-line) → /Users/danimai/work/transalate-pdf/checkpoints/document/03_translated.html
2026-06-04 18:37:30,594 INFO Step 4: Converting HTML to PDF with Playwright
2026-06-04 18:37:35,901 INFO   Checkpoint: /Users/danimai/work/transalate-pdf/checkpoints/document/04_final.pdf
2026-06-04 18:37:35,901 INFO   Output: /Users/danimai/work/transalate-pdf/data/output/document.pdf
2026-06-04 18:44:07,654 INFO Step 3: Injecting translations (proportional line distribution)
2026-06-04 18:44:07,859 INFO   Checkpoint: /Users/danimai/work/transalate-pdf/checkpoints/document/03a_distribution.json
2026-06-04 18:44:08,037 INFO   Injected 141 / 141 groups (75 multi-line) → /Users/danimai/work/transalate-pdf/checkpoints/document/03_translated.html
2026-06-04 18:44:08,231 INFO Step 4: Converting HTML to PDF with Playwright
2026-06-04 18:44:13,632 INFO   Checkpoint: /Users/danimai/work/transalate-pdf/checkpoints/document/04_final.pdf
2026-06-04 18:44:13,633 INFO   Output: /Users/danimai/work/transalate-pdf/data/output/document.pdf
2026-06-04 18:44:28,244 INFO Step 1: Loading HTML and grouping paragraphs from /Users/danimai/work/transalate-pdf/data/html/document.html
2026-06-04 18:44:28,371 INFO   Parsed 121 y-coordinate CSS rules
2026-06-04 18:44:28,400 INFO   Found 5831 text nodes → 141 paragraph groups
2026-06-04 18:44:28,522 INFO   Checkpoint: /Users/danimai/work/transalate-pdf/checkpoints/document/01_paragraph_groups.json
2026-06-04 18:44:28,523 INFO Step 2: Translating paragraph groups via Google Cloud
2026-06-04 18:45:53,316 INFO   Checkpoint: /Users/danimai/work/transalate-pdf/checkpoints/document/02_translations.json (141 ok, 0 failed)
2026-06-04 18:45:53,320 INFO Step 3: Injecting translations (proportional line distribution)
2026-06-04 18:45:53,548 INFO   Checkpoint: /Users/danimai/work/transalate-pdf/checkpoints/document/03a_distribution.json
2026-06-04 18:45:53,725 INFO   Injected 141 / 141 groups (75 multi-line) → /Users/danimai/work/transalate-pdf/checkpoints/document/03_translated.html
2026-06-04 18:45:53,726 INFO Step 4: Converting HTML to PDF with Playwright
2026-06-04 18:46:01,370 INFO   Checkpoint: /Users/danimai/work/transalate-pdf/checkpoints/document/04_final.pdf
2026-06-04 18:46:01,371 INFO   Output: /Users/danimai/work/transalate-pdf/data/output/document.pdf
2026-06-04 18:46:01,372 INFO Pipeline complete. Review checkpoints in /Users/danimai/work/transalate-pdf/checkpoints/document
2026-06-04 18:47:38,058 INFO Step 3: Injecting translations (one line per y-row)
2026-06-04 18:47:38,252 INFO   Checkpoint: /Users/danimai/work/transalate-pdf/checkpoints/document/03a_distribution.json
2026-06-04 18:47:38,436 INFO   Injected 141 / 141 groups (75 multi-line) → /Users/danimai/work/transalate-pdf/checkpoints/document/03_translated.html
2026-06-04 18:47:38,617 INFO Step 4: Converting HTML to PDF with Playwright
2026-06-04 18:47:43,821 INFO   Checkpoint: /Users/danimai/work/transalate-pdf/checkpoints/document/04_final.pdf
2026-06-04 18:47:43,822 INFO   Output: /Users/danimai/work/transalate-pdf/data/output/document.pdf
2026-06-04 18:48:05,496 INFO Step 1: Loading HTML and grouping paragraphs from /Users/danimai/work/transalate-pdf/data/html/document.html
2026-06-04 18:48:05,583 INFO   Parsed 121 y-coordinate CSS rules
2026-06-04 18:48:05,602 INFO   Found 5831 text nodes → 141 paragraph groups
2026-06-04 18:48:05,683 INFO   Checkpoint: /Users/danimai/work/transalate-pdf/checkpoints/document/01_paragraph_groups.json
2026-06-04 18:48:05,683 INFO Step 2: Translating paragraph groups via Google Cloud
2026-06-04 18:49:30,023 INFO   Checkpoint: /Users/danimai/work/transalate-pdf/checkpoints/document/02_translations.json (141 ok, 0 failed)
2026-06-04 18:49:30,033 INFO Step 3: Injecting translations (one line per y-row)
2026-06-04 18:49:30,192 INFO   Checkpoint: /Users/danimai/work/transalate-pdf/checkpoints/document/03a_distribution.json
2026-06-04 18:49:30,342 INFO   Injected 141 / 141 groups (75 multi-line) → /Users/danimai/work/transalate-pdf/checkpoints/document/03_translated.html
2026-06-04 18:49:30,344 INFO Step 4: Converting HTML to PDF with Playwright
2026-06-04 18:49:34,670 INFO   Checkpoint: /Users/danimai/work/transalate-pdf/checkpoints/document/04_final.pdf
2026-06-04 18:49:34,670 INFO   Output: /Users/danimai/work/transalate-pdf/data/output/document.pdf
2026-06-04 18:49:34,671 INFO Pipeline complete. Review checkpoints in /Users/danimai/work/transalate-pdf/checkpoints/document
2026-06-05 10:20:43,663 INFO Step 3: Injecting translations (one line per y-row)
2026-06-05 10:20:43,857 INFO   Checkpoint: /Users/danimai/work/transalate-pdf/checkpoints/document/03a_distribution.json
2026-06-05 10:20:44,048 INFO   Injected 141 / 141 groups (75 multi-line) → /Users/danimai/work/transalate-pdf/checkpoints/document/03_translated.html
2026-06-05 10:20:44,227 INFO Step 4: Converting HTML to PDF with Playwright
2026-06-05 10:20:48,159 INFO   Checkpoint: /Users/danimai/work/transalate-pdf/checkpoints/document/04_final.pdf
2026-06-05 10:20:48,159 INFO   Output: /Users/danimai/work/transalate-pdf/data/output/document.pdf
2026-06-05 10:21:14,148 INFO Step 3: Injecting translations (one line per y-row)
2026-06-05 10:21:14,334 INFO   Checkpoint: /Users/danimai/work/transalate-pdf/checkpoints/document/03a_distribution.json
2026-06-05 10:21:14,519 INFO   Injected 141 / 141 groups (75 multi-line) → /Users/danimai/work/transalate-pdf/checkpoints/document/03_translated.html
2026-06-05 10:21:14,735 INFO Step 4: Converting HTML to PDF with Playwright
2026-06-05 10:21:18,423 INFO   Checkpoint: /Users/danimai/work/transalate-pdf/checkpoints/document/04_final.pdf
2026-06-05 10:21:18,424 INFO   Output: /Users/danimai/work/transalate-pdf/data/output/document.pdf
2026-06-05 10:30:06,715 INFO Step 3: Injecting translations (one line per y-row)
2026-06-05 10:30:06,905 INFO   Checkpoint: /Users/danimai/work/transalate-pdf/checkpoints/document/03a_distribution.json
2026-06-05 10:30:07,088 INFO   Injected 141 / 141 groups (75 multi-line) → /Users/danimai/work/transalate-pdf/checkpoints/document/03_translated.html
2026-06-05 10:30:07,325 INFO Step 4: Converting HTML to PDF with Playwright
2026-06-05 10:30:11,157 INFO   Checkpoint: /Users/danimai/work/transalate-pdf/checkpoints/document/04_final.pdf
2026-06-05 10:30:11,158 INFO   Output: /Users/danimai/work/transalate-pdf/data/output/document.pdf
2026-06-05 10:33:30,272 INFO Step 3: Injecting translations (proportional line distribution)
2026-06-05 10:33:30,451 INFO   Checkpoint: /Users/danimai/work/transalate-pdf/checkpoints/document/03a_distribution.json
2026-06-05 10:33:30,638 INFO   Injected 141 / 141 groups (75 multi-line) → /Users/danimai/work/transalate-pdf/checkpoints/document/03_translated.html
2026-06-05 10:33:30,865 INFO Step 4: Converting HTML to PDF with Playwright
2026-06-05 10:33:35,069 INFO   Checkpoint: /Users/danimai/work/transalate-pdf/checkpoints/document/04_final.pdf
2026-06-05 10:33:35,069 INFO   Output: /Users/danimai/work/transalate-pdf/data/output/document.pdf
2026-06-05 10:33:53,526 INFO Step 3: Injecting translations (proportional line distribution)
2026-06-05 10:33:53,704 INFO   Checkpoint: /Users/danimai/work/transalate-pdf/checkpoints/document/03a_distribution.json
2026-06-05 10:33:53,889 INFO   Injected 141 / 141 groups (75 multi-line) → /Users/danimai/work/transalate-pdf/checkpoints/document/03_translated.html
2026-06-05 10:33:54,066 INFO Step 4: Converting HTML to PDF with Playwright
2026-06-05 10:33:58,182 INFO   Checkpoint: /Users/danimai/work/transalate-pdf/checkpoints/document/04_final.pdf
2026-06-05 10:33:58,183 INFO   Output: /Users/danimai/work/transalate-pdf/data/output/document.pdf
2026-06-05 10:34:16,995 INFO Step 3: Injecting translations (proportional line distribution)
2026-06-05 10:34:17,171 INFO   Checkpoint: /Users/danimai/work/transalate-pdf/checkpoints/document/03a_distribution.json
2026-06-05 10:34:17,354 INFO   Injected 141 / 141 groups (75 multi-line) → /Users/danimai/work/transalate-pdf/checkpoints/document/03_translated.html
2026-06-05 10:34:17,538 INFO Step 4: Converting HTML to PDF with Playwright
2026-06-05 10:34:21,848 INFO   Checkpoint: /Users/danimai/work/transalate-pdf/checkpoints/document/04_final.pdf
2026-06-05 10:34:21,848 INFO   Output: /Users/danimai/work/transalate-pdf/data/output/document.pdf
2026-06-05 10:36:29,137 INFO Step 3: Injecting translations (proportional + width wrap reflow)
2026-06-05 10:36:29,345 INFO   Checkpoint: /Users/danimai/work/transalate-pdf/checkpoints/document/03a_distribution.json
2026-06-05 10:36:29,565 INFO   Injected 141 / 141 groups (75 multi-line) → /Users/danimai/work/transalate-pdf/checkpoints/document/03_translated.html
2026-06-05 10:36:29,799 INFO Step 4: Converting HTML to PDF with Playwright
2026-06-05 10:36:34,257 INFO   Checkpoint: /Users/danimai/work/transalate-pdf/checkpoints/document/04_final.pdf
2026-06-05 10:36:34,257 INFO   Output: /Users/danimai/work/transalate-pdf/data/output/document.pdf
2026-06-05 10:37:02,654 INFO Step 3: Injecting translations (proportional + width wrap reflow)
2026-06-05 10:37:02,870 INFO   Checkpoint: /Users/danimai/work/transalate-pdf/checkpoints/document/03a_distribution.json
2026-06-05 10:37:03,120 INFO   Injected 141 / 141 groups (75 multi-line) → /Users/danimai/work/transalate-pdf/checkpoints/document/03_translated.html
2026-06-05 10:37:03,358 INFO Step 4: Converting HTML to PDF with Playwright
2026-06-05 10:37:07,457 INFO   Checkpoint: /Users/danimai/work/transalate-pdf/checkpoints/document/04_final.pdf
2026-06-05 10:37:07,457 INFO   Output: /Users/danimai/work/transalate-pdf/data/output/document.pdf
2026-06-05 10:37:37,307 INFO Step 3: Injecting translations (proportional + width wrap reflow)
2026-06-05 10:37:37,522 INFO   Checkpoint: /Users/danimai/work/transalate-pdf/checkpoints/document/03a_distribution.json
2026-06-05 10:37:37,720 INFO   Injected 141 / 141 groups (75 multi-line) → /Users/danimai/work/transalate-pdf/checkpoints/document/03_translated.html
2026-06-05 10:37:37,909 INFO Step 4: Converting HTML to PDF with Playwright
2026-06-05 10:37:42,189 INFO   Checkpoint: /Users/danimai/work/transalate-pdf/checkpoints/document/04_final.pdf
2026-06-05 10:37:42,189 INFO   Output: /Users/danimai/work/transalate-pdf/data/output/document.pdf
2026-06-05 10:41:01,102 INFO Step 3: Injecting translations (relative chain + width wrap)
2026-06-05 10:41:01,321 INFO   Checkpoint: /Users/danimai/work/transalate-pdf/checkpoints/document/03a_distribution.json
2026-06-05 10:41:01,528 INFO   Injected 141 / 141 groups (75 multi-line) → /Users/danimai/work/transalate-pdf/checkpoints/document/03_translated.html
2026-06-05 10:41:01,861 INFO Step 4: Converting HTML to PDF with Playwright
2026-06-05 10:41:06,448 INFO   Checkpoint: /Users/danimai/work/transalate-pdf/checkpoints/document/04_final.pdf
2026-06-05 10:41:06,448 INFO   Output: /Users/danimai/work/transalate-pdf/data/output/document.pdf
2026-06-05 10:43:48,239 INFO Step 3: Injecting translations (relative chain + width wrap)
2026-06-05 10:43:48,462 INFO   Checkpoint: /Users/danimai/work/transalate-pdf/checkpoints/document/03a_distribution.json
2026-06-05 10:43:48,657 INFO   Injected 141 / 141 groups (75 multi-line) → /Users/danimai/work/transalate-pdf/checkpoints/document/03_translated.html
2026-06-05 10:43:49,139 INFO Step 4: Converting HTML to PDF with Playwright
2026-06-05 10:43:53,592 INFO   Checkpoint: /Users/danimai/work/transalate-pdf/checkpoints/document/04_final.pdf
2026-06-05 10:43:53,593 INFO   Output: /Users/danimai/work/transalate-pdf/data/output/document.pdf
2026-06-05 10:44:29,827 INFO Step 3: Injecting translations (relative chain + width wrap)
2026-06-05 10:44:30,054 INFO   Checkpoint: /Users/danimai/work/transalate-pdf/checkpoints/document/03a_distribution.json
2026-06-05 10:44:30,255 INFO   Injected 141 / 141 groups (75 multi-line) → /Users/danimai/work/transalate-pdf/checkpoints/document/03_translated.html
2026-06-05 10:44:30,441 INFO Step 4: Converting HTML to PDF with Playwright
2026-06-05 10:44:34,708 INFO   Checkpoint: /Users/danimai/work/transalate-pdf/checkpoints/document/04_final.pdf
2026-06-05 10:44:34,708 INFO   Output: /Users/danimai/work/transalate-pdf/data/output/document.pdf
2026-06-05 10:49:51,801 INFO Step 3: Building flowing HTML (no page frames)
2026-06-05 10:49:51,981 INFO   Checkpoint: /Users/danimai/work/transalate-pdf/checkpoints/document/03a_distribution.json
2026-06-05 10:49:51,983 INFO   Built flowing document: 141 / 141 paragraphs (75 multi-line) → /Users/danimai/work/transalate-pdf/checkpoints/document/03_translated.html
2026-06-05 10:49:52,148 INFO Step 4: Converting flowing HTML to PDF with Playwright
2026-06-05 10:49:55,352 INFO   Checkpoint: /Users/danimai/work/transalate-pdf/checkpoints/document/04_final.pdf
2026-06-05 10:49:55,352 INFO   Output: /Users/danimai/work/transalate-pdf/data/output/document.pdf
2026-06-05 10:50:19,223 INFO Step 3: Building flowing HTML (no page frames)
2026-06-05 10:50:19,407 INFO   Checkpoint: /Users/danimai/work/transalate-pdf/checkpoints/document/03a_distribution.json
2026-06-05 10:50:19,408 INFO   Built flowing document: 141 / 141 paragraphs (75 multi-line) → /Users/danimai/work/transalate-pdf/checkpoints/document/03_translated.html
2026-06-05 10:50:19,592 INFO Step 4: Converting flowing HTML to PDF with Playwright
2026-06-05 10:50:21,970 INFO   Checkpoint: /Users/danimai/work/transalate-pdf/checkpoints/document/04_final.pdf
2026-06-05 10:50:21,970 INFO   Output: /Users/danimai/work/transalate-pdf/data/output/document.pdf
2026-06-05 10:54:57,363 INFO Step 3: Building flowing HTML (no page frames)
2026-06-05 10:54:57,546 INFO   Checkpoint: /Users/danimai/work/transalate-pdf/checkpoints/document/03a_distribution.json
2026-06-05 10:54:57,550 INFO   Built flowing document: 141 / 141 paragraphs (75 multi-line) → /Users/danimai/work/transalate-pdf/checkpoints/document/03_translated.html
2026-06-05 10:54:57,737 INFO Step 4: Converting flowing HTML to PDF with Playwright
2026-06-05 10:55:00,218 INFO   Checkpoint: /Users/danimai/work/transalate-pdf/checkpoints/document/04_final.pdf
2026-06-05 10:55:00,218 INFO   Output: /Users/danimai/work/transalate-pdf/data/output/document.pdf
2026-06-05 10:55:06,663 INFO Step 3: Building flowing HTML (no page frames)
2026-06-05 10:55:06,844 INFO   Checkpoint: /Users/danimai/work/transalate-pdf/checkpoints/document/03a_distribution.json
2026-06-05 10:55:06,847 INFO   Built flowing document: 141 / 141 paragraphs (75 multi-line) → /Users/danimai/work/transalate-pdf/checkpoints/document/03_translated.html
2026-06-05 10:55:07,027 INFO Step 4: Converting flowing HTML to PDF with Playwright
2026-06-05 10:55:08,821 INFO   Checkpoint: /Users/danimai/work/transalate-pdf/checkpoints/document/04_final.pdf
2026-06-05 10:55:08,821 INFO   Output: /Users/danimai/work/transalate-pdf/data/output/document.pdf
2026-06-05 10:55:16,272 INFO Step 3: Building flowing HTML (no page frames)
2026-06-05 10:55:16,451 INFO   Checkpoint: /Users/danimai/work/transalate-pdf/checkpoints/document/03a_distribution.json
2026-06-05 10:55:16,456 INFO   Built flowing document: 141 / 141 paragraphs (75 multi-line) → /Users/danimai/work/transalate-pdf/checkpoints/document/03_translated.html
2026-06-05 10:55:16,629 INFO Step 4: Converting flowing HTML to PDF with Playwright
2026-06-05 10:55:18,578 INFO   Checkpoint: /Users/danimai/work/transalate-pdf/checkpoints/document/04_final.pdf
2026-06-05 10:55:18,578 INFO   Output: /Users/danimai/work/transalate-pdf/data/output/document.pdf
2026-06-05 10:55:39,522 INFO Step 3: Building flowing HTML (no page frames)
2026-06-05 10:55:39,705 INFO   Checkpoint: /Users/danimai/work/transalate-pdf/checkpoints/document/03a_distribution.json
2026-06-05 10:55:39,710 INFO   Built flowing document: 141 / 141 paragraphs (75 multi-line) → /Users/danimai/work/transalate-pdf/checkpoints/document/03_translated.html
2026-06-05 10:55:39,886 INFO Step 4: Converting flowing HTML to PDF with Playwright
2026-06-05 10:55:42,104 INFO   Checkpoint: /Users/danimai/work/transalate-pdf/checkpoints/document/04_final.pdf
2026-06-05 10:55:42,104 INFO   Output: /Users/danimai/work/transalate-pdf/data/output/document.pdf
2026-06-05 10:57:21,140 INFO Step 3: Building flowing HTML (no page frames)
2026-06-05 10:57:21,322 INFO   Checkpoint: /Users/danimai/work/transalate-pdf/checkpoints/document/03a_distribution.json
2026-06-05 10:57:21,338 INFO   Built flowing document: 141 / 141 paragraphs (75 multi-line) → /Users/danimai/work/transalate-pdf/checkpoints/document/03_translated.html
2026-06-05 10:57:21,531 INFO Step 4: Converting flowing HTML to PDF with Playwright
2026-06-05 10:57:23,849 INFO   Checkpoint: /Users/danimai/work/transalate-pdf/checkpoints/document/04_final.pdf
2026-06-05 10:57:23,849 INFO   Output: /Users/danimai/work/transalate-pdf/data/output/document.pdf
2026-06-05 10:57:31,313 INFO Step 3: Building flowing HTML (no page frames)
2026-06-05 10:57:31,498 INFO   Checkpoint: /Users/danimai/work/transalate-pdf/checkpoints/document/03a_distribution.json
2026-06-05 10:57:31,515 INFO   Built flowing document: 141 / 141 paragraphs (75 multi-line) → /Users/danimai/work/transalate-pdf/checkpoints/document/03_translated.html
2026-06-05 10:57:31,698 INFO Step 4: Converting flowing HTML to PDF with Playwright
2026-06-05 10:57:33,639 INFO   Checkpoint: /Users/danimai/work/transalate-pdf/checkpoints/document/04_final.pdf
2026-06-05 10:57:33,639 INFO   Output: /Users/danimai/work/transalate-pdf/data/output/document.pdf
2026-06-05 10:57:40,184 INFO Step 3: Building flowing HTML (no page frames)
2026-06-05 10:57:40,361 INFO   Checkpoint: /Users/danimai/work/transalate-pdf/checkpoints/document/03a_distribution.json
2026-06-05 10:57:40,377 INFO   Built flowing document: 141 / 141 paragraphs (75 multi-line) → /Users/danimai/work/transalate-pdf/checkpoints/document/03_translated.html
2026-06-05 10:57:40,566 INFO Step 4: Converting flowing HTML to PDF with Playwright
2026-06-05 10:57:42,320 INFO   Checkpoint: /Users/danimai/work/transalate-pdf/checkpoints/document/04_final.pdf
2026-06-05 10:57:42,320 INFO   Output: /Users/danimai/work/transalate-pdf/data/output/document.pdf
2026-06-05 10:57:57,021 INFO Step 3: Building flowing HTML (no page frames)
2026-06-05 10:57:57,205 INFO   Checkpoint: /Users/danimai/work/transalate-pdf/checkpoints/document/03a_distribution.json
2026-06-05 10:57:57,220 INFO   Built flowing document: 141 / 141 paragraphs (75 multi-line) → /Users/danimai/work/transalate-pdf/checkpoints/document/03_translated.html
2026-06-05 10:57:57,415 INFO Step 4: Converting flowing HTML to PDF with Playwright
2026-06-05 10:57:59,761 INFO   Checkpoint: /Users/danimai/work/transalate-pdf/checkpoints/document/04_final.pdf
2026-06-05 10:57:59,761 INFO   Output: /Users/danimai/work/transalate-pdf/data/output/document.pdf
